2020-10-15 15:09:06 INFO  Main:29 - Started
2020-10-15 15:09:06 INFO  Main:33 - Data Acquirer created
2020-10-15 15:09:06 INFO  Main:36 - Data received from file: src/input.txt
2020-10-15 15:09:06 INFO  Main:40 - Book Set created [Book{title='TheGreatGatsby', author='F.Scott', numbOfPages=150, price=189.0}, Book{title='JaneEyre', author='CharlotteBronte', numbOfPages=420, price=35.0}, Book{title='ATaleofTwoCities', author='CharlesDickens', numbOfPages=400, price=120.0}, Book{title='Hamlet', author='WilliamShakespeare', numbOfPages=100, price=98.0}, Book{title='Dracula', author='BramStoker', numbOfPages=260, price=76.0}]
2020-10-15 15:09:06 INFO  Main:43 - Book DAO created 
2020-10-15 15:09:06 INFO  Main:47 - Book Book{title='TheLittlePrince', author='AntoinedeSaint-Exupery', numbOfPages=100, price=45.5} added to books [Book{title='TheGreatGatsby', author='F.Scott', numbOfPages=150, price=189.0}, Book{title='JaneEyre', author='CharlotteBronte', numbOfPages=420, price=35.0}, Book{title='ATaleofTwoCities', author='CharlesDickens', numbOfPages=400, price=120.0}, Book{title='Hamlet', author='WilliamShakespeare', numbOfPages=100, price=98.0}, Book{title='Dracula', author='BramStoker', numbOfPages=260, price=76.0}, Book{title='TheLittlePrince', author='AntoinedeSaint-Exupery', numbOfPages=100, price=45.5}]
2020-10-15 15:09:06 INFO  Main:51 - Book Book{title='TheGreatGatsby', author='F.Scott', numbOfPages=150, price=189.0} removed from books [Book{title='JaneEyre', author='CharlotteBronte', numbOfPages=420, price=35.0}, Book{title='ATaleofTwoCities', author='CharlesDickens', numbOfPages=400, price=120.0}, Book{title='Hamlet', author='WilliamShakespeare', numbOfPages=100, price=98.0}, Book{title='Dracula', author='BramStoker', numbOfPages=260, price=76.0}, Book{title='TheLittlePrince', author='AntoinedeSaint-Exupery', numbOfPages=100, price=45.5}]
2020-10-15 15:09:06 INFO  Main:54 - Books found: [Book{title='TheLittlePrince', author='AntoinedeSaint-Exupery', numbOfPages=100, price=45.5}]
2020-10-15 15:09:06 INFO  Main:57 - Book sorted: [Book{title='ATaleofTwoCities', author='CharlesDickens', numbOfPages=400, price=120.0}, Book{title='Dracula', author='BramStoker', numbOfPages=260, price=76.0}, Book{title='Hamlet', author='WilliamShakespeare', numbOfPages=100, price=98.0}, Book{title='JaneEyre', author='CharlotteBronte', numbOfPages=420, price=35.0}, Book{title='TheLittlePrince', author='AntoinedeSaint-Exupery', numbOfPages=100, price=45.5}]
2020-10-15 15:09:06 INFO  Main:65 - Completed successfully
2020-10-15 15:13:20 INFO  Main:29 - Started
2020-10-15 15:13:20 INFO  Main:33 - Data Acquirer created
2020-10-15 15:13:20 INFO  Main:36 - Data received from file: src/input.txt
2020-10-15 15:13:20 INFO  Main:40 - Book Set created [Book{title='TheGreatGatsby', author='F.Scott', numbOfPages=150, price=189.0}, Book{title='JaneEyre', author='CharlotteBronte', numbOfPages=420, price=35.0}, Book{title='ATaleofTwoCities', author='CharlesDickens', numbOfPages=400, price=120.0}, Book{title='Hamlet', author='WilliamShakespeare', numbOfPages=100, price=98.0}, Book{title='Dracula', author='BramStoker', numbOfPages=260, price=76.0}]
2020-10-15 15:13:20 INFO  Main:43 - Book DAO created 
2020-10-15 15:13:20 INFO  Main:47 - Book Book{title='TheLittlePrince', author='AntoinedeSaint-Exupery', numbOfPages=100, price=45.5} added to books [Book{title='TheGreatGatsby', author='F.Scott', numbOfPages=150, price=189.0}, Book{title='JaneEyre', author='CharlotteBronte', numbOfPages=420, price=35.0}, Book{title='ATaleofTwoCities', author='CharlesDickens', numbOfPages=400, price=120.0}, Book{title='Hamlet', author='WilliamShakespeare', numbOfPages=100, price=98.0}, Book{title='Dracula', author='BramStoker', numbOfPages=260, price=76.0}, Book{title='TheLittlePrince', author='AntoinedeSaint-Exupery', numbOfPages=100, price=45.5}]
2020-10-15 15:13:20 INFO  Main:51 - Book Book{title='TheGreatGatsby', author='F.Scott', numbOfPages=150, price=189.0} removed from books [Book{title='JaneEyre', author='CharlotteBronte', numbOfPages=420, price=35.0}, Book{title='ATaleofTwoCities', author='CharlesDickens', numbOfPages=400, price=120.0}, Book{title='Hamlet', author='WilliamShakespeare', numbOfPages=100, price=98.0}, Book{title='Dracula', author='BramStoker', numbOfPages=260, price=76.0}, Book{title='TheLittlePrince', author='AntoinedeSaint-Exupery', numbOfPages=100, price=45.5}]
2020-10-15 15:13:20 INFO  Main:54 - Books found: [Book{title='TheLittlePrince', author='AntoinedeSaint-Exupery', numbOfPages=100, price=45.5}]
2020-10-15 15:13:20 INFO  Main:57 - Book sorted: [Book{title='ATaleofTwoCities', author='CharlesDickens', numbOfPages=400, price=120.0}, Book{title='Dracula', author='BramStoker', numbOfPages=260, price=76.0}, Book{title='Hamlet', author='WilliamShakespeare', numbOfPages=100, price=98.0}, Book{title='JaneEyre', author='CharlotteBronte', numbOfPages=420, price=35.0}, Book{title='TheLittlePrince', author='AntoinedeSaint-Exupery', numbOfPages=100, price=45.5}]
2020-10-15 15:13:20 INFO  Main:65 - Completed successfully
